0 info it worked if it ends with ok
1 verbose cli [ '/usr/local/bin/node',
1 verbose cli   '/usr/local/bin/npm',
1 verbose cli   'update',
1 verbose cli   '-g',
1 verbose cli   'yeoman' ]
2 info using npm@1.1.62
3 info using node@v0.8.11
4 verbose read json /usr/local/lib/package.json
5 verbose read json /usr/local/lib/node_modules/coffee-script/package.json
6 verbose read json /usr/local/lib/node_modules/grunt/package.json
7 verbose read json /usr/local/lib/node_modules/handlebars/package.json
8 verbose read json /usr/local/lib/node_modules/yeoman/package.json
9 verbose read json /usr/local/lib/node_modules/phantomjs/package.json
10 verbose read json /usr/local/lib/node_modules/npm/package.json
11 verbose cache add [ 'yeoman', '*' ]
12 silly cache add name="yeoman" spec="*" args=["yeoman","*"]
13 verbose parsed url { pathname: '*', path: '*', href: '*' }
14 verbose addNamed [ 'yeoman', '*' ]
15 verbose addNamed [ null, '' ]
16 verbose from cache /usr/local/lib/node_modules/handlebars/package.json
17 verbose from cache /usr/local/lib/node_modules/npm/package.json
18 verbose from cache /usr/local/lib/node_modules/phantomjs/package.json
19 verbose from cache /usr/local/lib/node_modules/coffee-script/package.json
20 verbose from cache /usr/local/lib/node_modules/grunt/package.json
21 verbose read json /usr/local/lib/node_modules/npm/node_modules/lru-cache/package.json
22 verbose read json /usr/local/lib/node_modules/npm/node_modules/read/package.json
23 verbose read json /usr/local/lib/node_modules/npm/node_modules/slide/package.json
24 verbose read json /usr/local/lib/node_modules/npm/node_modules/node-gyp/package.json
25 verbose read json /usr/local/lib/node_modules/npm/node_modules/nopt/package.json
26 verbose read json /usr/local/lib/node_modules/npm/node_modules/archy/package.json
27 verbose read json /usr/local/lib/node_modules/npm/node_modules/once/package.json
28 verbose read json /usr/local/lib/node_modules/npm/node_modules/uid-number/package.json
29 verbose read json /usr/local/lib/node_modules/npm/node_modules/osenv/package.json
30 verbose read json /usr/local/lib/node_modules/npm/node_modules/minimatch/package.json
31 verbose read json /usr/local/lib/node_modules/npm/node_modules/tar/package.json
32 verbose read json /usr/local/lib/node_modules/npm/node_modules/fstream/package.json
33 verbose read json /usr/local/lib/node_modules/npm/node_modules/fstream-npm/package.json
34 verbose read json /usr/local/lib/node_modules/npm/node_modules/retry/package.json
35 verbose read json /usr/local/lib/node_modules/npm/node_modules/semver/package.json
36 verbose read json /usr/local/lib/node_modules/npm/node_modules/chownr/package.json
37 verbose read json /usr/local/lib/node_modules/npm/node_modules/read-installed/package.json
38 verbose read json /usr/local/lib/node_modules/npm/node_modules/couch-login/package.json
39 verbose read json /usr/local/lib/node_modules/npm/node_modules/npm-registry-client/package.json
40 verbose read json /usr/local/lib/node_modules/npm/node_modules/npmlog/package.json
41 verbose read json /usr/local/lib/node_modules/npm/node_modules/lockfile/package.json
42 verbose read json /usr/local/lib/node_modules/npm/node_modules/inherits/package.json
43 verbose read json /usr/local/lib/node_modules/npm/node_modules/abbrev/package.json
44 verbose read json /usr/local/lib/node_modules/npm/node_modules/init-package-json/package.json
45 verbose read json /usr/local/lib/node_modules/npm/node_modules/opener/package.json
46 verbose read json /usr/local/lib/node_modules/npm/node_modules/npmconf/package.json
47 verbose read json /usr/local/lib/node_modules/npm/node_modules/request/package.json
48 verbose read json /usr/local/lib/node_modules/npm/node_modules/ini/package.json
49 verbose read json /usr/local/lib/node_modules/npm/node_modules/block-stream/package.json
50 verbose read json /usr/local/lib/node_modules/npm/node_modules/rimraf/package.json
51 verbose read json /usr/local/lib/node_modules/npm/node_modules/which/package.json
52 verbose read json /usr/local/lib/node_modules/npm/node_modules/glob/package.json
53 verbose read json /usr/local/lib/node_modules/npm/node_modules/mkdirp/package.json
54 verbose read json /usr/local/lib/node_modules/npm/node_modules/ansi/package.json
55 verbose read json /usr/local/lib/node_modules/npm/node_modules/read-package-json/package.json
56 verbose read json /usr/local/lib/node_modules/npm/node_modules/graceful-fs/package.json
57 silly lockFile fd94f358-yeoman yeoman@*
58 verbose lock yeoman@* /home/marcel/.npm/fd94f358-yeoman.lock
59 verbose read json /usr/local/lib/node_modules/handlebars/node_modules/optimist/package.json
60 verbose read json /usr/local/lib/node_modules/handlebars/node_modules/uglify-js/package.json
61 verbose read json /usr/local/lib/node_modules/handlebars/node_modules/.bin/package.json
62 verbose read json /usr/local/lib/node_modules/phantomjs/node_modules/unzip/package.json
63 verbose read json /usr/local/lib/node_modules/phantomjs/node_modules/rimraf/package.json
64 verbose read json /usr/local/lib/node_modules/grunt/node_modules/connect/package.json
65 verbose read json /usr/local/lib/node_modules/grunt/node_modules/nopt/package.json
66 verbose read json /usr/local/lib/node_modules/grunt/node_modules/async/package.json
67 verbose read json /usr/local/lib/node_modules/grunt/node_modules/temporary/package.json
68 verbose read json /usr/local/lib/node_modules/grunt/node_modules/underscore.string/package.json
69 verbose read json /usr/local/lib/node_modules/grunt/node_modules/hooker/package.json
70 verbose read json /usr/local/lib/node_modules/grunt/node_modules/colors/package.json
71 verbose read json /usr/local/lib/node_modules/grunt/node_modules/semver/package.json
72 verbose read json /usr/local/lib/node_modules/grunt/node_modules/prompt/package.json
73 verbose read json /usr/local/lib/node_modules/grunt/node_modules/nodeunit/package.json
74 verbose read json /usr/local/lib/node_modules/grunt/node_modules/gzip-js/package.json
75 verbose read json /usr/local/lib/node_modules/grunt/node_modules/glob-whatev/package.json
76 verbose read json /usr/local/lib/node_modules/grunt/node_modules/jshint/package.json
77 verbose read json /usr/local/lib/node_modules/grunt/node_modules/uglify-js/package.json
78 verbose read json /usr/local/lib/node_modules/grunt/node_modules/dateformat/package.json
79 verbose read json /usr/local/lib/node_modules/grunt/node_modules/underscore/package.json
80 verbose read json /usr/local/lib/node_modules/grunt/node_modules/.bin/package.json
81 verbose from cache /usr/local/lib/node_modules/handlebars/node_modules/optimist/package.json
82 verbose from cache /usr/local/lib/node_modules/handlebars/node_modules/uglify-js/package.json
83 verbose from cache /usr/local/lib/node_modules/phantomjs/node_modules/rimraf/package.json
84 verbose from cache /usr/local/lib/node_modules/phantomjs/node_modules/unzip/package.json
85 silly addNameRange { name: 'yeoman', range: '', hasData: false }
86 verbose from cache /usr/local/lib/node_modules/grunt/node_modules/async/package.json
87 verbose from cache /usr/local/lib/node_modules/grunt/node_modules/colors/package.json
88 verbose from cache /usr/local/lib/node_modules/grunt/node_modules/connect/package.json
89 verbose from cache /usr/local/lib/node_modules/grunt/node_modules/dateformat/package.json
90 verbose from cache /usr/local/lib/node_modules/grunt/node_modules/glob-whatev/package.json
91 verbose from cache /usr/local/lib/node_modules/grunt/node_modules/hooker/package.json
92 verbose from cache /usr/local/lib/node_modules/grunt/node_modules/jshint/package.json
93 verbose from cache /usr/local/lib/node_modules/grunt/node_modules/nodeunit/package.json
94 verbose from cache /usr/local/lib/node_modules/grunt/node_modules/nopt/package.json
95 verbose from cache /usr/local/lib/node_modules/grunt/node_modules/prompt/package.json
96 verbose from cache /usr/local/lib/node_modules/grunt/node_modules/semver/package.json
97 verbose from cache /usr/local/lib/node_modules/grunt/node_modules/uglify-js/package.json
98 verbose from cache /usr/local/lib/node_modules/grunt/node_modules/underscore/package.json
99 verbose from cache /usr/local/lib/node_modules/grunt/node_modules/underscore.string/package.json
100 verbose from cache /usr/local/lib/node_modules/grunt/node_modules/temporary/package.json
101 verbose from cache /usr/local/lib/node_modules/grunt/node_modules/gzip-js/package.json
102 verbose read json /usr/local/lib/node_modules/handlebars/node_modules/optimist/node_modules/wordwrap/package.json
103 verbose read json /usr/local/lib/node_modules/phantomjs/node_modules/rimraf/node_modules/graceful-fs/package.json
104 verbose read json /usr/local/lib/node_modules/grunt/node_modules/glob-whatev/node_modules/minimatch/package.json
105 verbose read json /usr/local/lib/node_modules/grunt/node_modules/connect/node_modules/debug/package.json
106 verbose read json /usr/local/lib/node_modules/grunt/node_modules/connect/node_modules/cookie/package.json
107 verbose read json /usr/local/lib/node_modules/grunt/node_modules/connect/node_modules/pause/package.json
108 verbose read json /usr/local/lib/node_modules/grunt/node_modules/connect/node_modules/qs/package.json
109 verbose read json /usr/local/lib/node_modules/grunt/node_modules/connect/node_modules/bytes/package.json
110 verbose read json /usr/local/lib/node_modules/grunt/node_modules/connect/node_modules/crc/package.json
111 verbose read json /usr/local/lib/node_modules/grunt/node_modules/connect/node_modules/fresh/package.json
112 verbose read json /usr/local/lib/node_modules/grunt/node_modules/connect/node_modules/send/package.json
113 verbose read json /usr/local/lib/node_modules/grunt/node_modules/connect/node_modules/formidable/package.json
114 verbose read json /usr/local/lib/node_modules/grunt/node_modules/jshint/node_modules/cli/package.json
115 verbose read json /usr/local/lib/node_modules/grunt/node_modules/jshint/node_modules/minimatch/package.json
116 verbose read json /usr/local/lib/node_modules/grunt/node_modules/nodeunit/node_modules/tap/package.json
117 verbose read json /usr/local/lib/node_modules/grunt/node_modules/nodeunit/node_modules/.bin/package.json
118 verbose read json /usr/local/lib/node_modules/grunt/node_modules/nopt/node_modules/abbrev/package.json
119 verbose read json /usr/local/lib/node_modules/grunt/node_modules/prompt/node_modules/winston/package.json
120 verbose read json /usr/local/lib/node_modules/grunt/node_modules/prompt/node_modules/pkginfo/package.json
121 verbose read json /usr/local/lib/node_modules/grunt/node_modules/temporary/node_modules/package/package.json
122 verbose read json /usr/local/lib/node_modules/grunt/node_modules/gzip-js/node_modules/deflate-js/package.json
123 verbose read json /usr/local/lib/node_modules/grunt/node_modules/gzip-js/node_modules/crc32/package.json
124 verbose read json /usr/local/lib/node_modules/grunt/node_modules/gzip-js/node_modules/.bin/package.json
125 verbose from cache /usr/local/lib/node_modules/npm/node_modules/semver/package.json
126 verbose from cache /usr/local/lib/node_modules/npm/node_modules/ini/package.json
127 verbose from cache /usr/local/lib/node_modules/npm/node_modules/slide/package.json
128 verbose from cache /usr/local/lib/node_modules/npm/node_modules/abbrev/package.json
129 verbose from cache /usr/local/lib/node_modules/npm/node_modules/graceful-fs/package.json
130 verbose from cache /usr/local/lib/node_modules/npm/node_modules/minimatch/package.json
131 verbose from cache /usr/local/lib/node_modules/npm/node_modules/nopt/package.json
132 verbose from cache /usr/local/lib/node_modules/npm/node_modules/rimraf/package.json
133 verbose from cache /usr/local/lib/node_modules/npm/node_modules/request/package.json
134 verbose from cache /usr/local/lib/node_modules/npm/node_modules/which/package.json
135 verbose from cache /usr/local/lib/node_modules/npm/node_modules/tar/package.json
136 verbose from cache /usr/local/lib/node_modules/npm/node_modules/fstream/package.json
137 verbose from cache /usr/local/lib/node_modules/npm/node_modules/block-stream/package.json
138 verbose from cache /usr/local/lib/node_modules/npm/node_modules/inherits/package.json
139 verbose from cache /usr/local/lib/node_modules/npm/node_modules/mkdirp/package.json
140 verbose from cache /usr/local/lib/node_modules/npm/node_modules/read/package.json
141 verbose from cache /usr/local/lib/node_modules/npm/node_modules/lru-cache/package.json
142 verbose from cache /usr/local/lib/node_modules/npm/node_modules/node-gyp/package.json
143 verbose from cache /usr/local/lib/node_modules/npm/node_modules/fstream-npm/package.json
144 verbose from cache /usr/local/lib/node_modules/npm/node_modules/uid-number/package.json
145 verbose from cache /usr/local/lib/node_modules/npm/node_modules/archy/package.json
146 verbose from cache /usr/local/lib/node_modules/npm/node_modules/chownr/package.json
147 verbose from cache /usr/local/lib/node_modules/npm/node_modules/npmlog/package.json
148 verbose from cache /usr/local/lib/node_modules/npm/node_modules/ansi/package.json
149 verbose from cache /usr/local/lib/node_modules/npm/node_modules/npm-registry-client/package.json
150 verbose from cache /usr/local/lib/node_modules/npm/node_modules/read-package-json/package.json
151 verbose from cache /usr/local/lib/node_modules/npm/node_modules/read-installed/package.json
152 verbose from cache /usr/local/lib/node_modules/npm/node_modules/glob/package.json
153 verbose from cache /usr/local/lib/node_modules/npm/node_modules/init-package-json/package.json
154 verbose from cache /usr/local/lib/node_modules/npm/node_modules/osenv/package.json
155 verbose from cache /usr/local/lib/node_modules/npm/node_modules/lockfile/package.json
156 verbose from cache /usr/local/lib/node_modules/npm/node_modules/retry/package.json
157 verbose from cache /usr/local/lib/node_modules/npm/node_modules/couch-login/package.json
158 verbose from cache /usr/local/lib/node_modules/npm/node_modules/once/package.json
159 verbose from cache /usr/local/lib/node_modules/npm/node_modules/npmconf/package.json
160 verbose from cache /usr/local/lib/node_modules/npm/node_modules/opener/package.json
161 verbose read json /usr/local/lib/node_modules/npm/node_modules/minimatch/node_modules/lru-cache/package.json
162 verbose read json /usr/local/lib/node_modules/npm/node_modules/nopt/node_modules/abbrev/package.json
163 verbose read json /usr/local/lib/node_modules/npm/node_modules/rimraf/node_modules/graceful-fs/package.json
164 verbose read json /usr/local/lib/node_modules/npm/node_modules/tar/node_modules/inherits/package.json
165 verbose read json /usr/local/lib/node_modules/npm/node_modules/tar/node_modules/block-stream/package.json
166 verbose read json /usr/local/lib/node_modules/npm/node_modules/tar/node_modules/fstream/package.json
167 verbose read json /usr/local/lib/node_modules/npm/node_modules/fstream/node_modules/rimraf/package.json
168 verbose read json /usr/local/lib/node_modules/npm/node_modules/fstream/node_modules/mkdirp/package.json
169 verbose read json /usr/local/lib/node_modules/npm/node_modules/fstream/node_modules/graceful-fs/package.json
170 verbose read json /usr/local/lib/node_modules/npm/node_modules/fstream/node_modules/inherits/package.json
171 verbose read json /usr/local/lib/node_modules/npm/node_modules/block-stream/node_modules/inherits/package.json
172 verbose read json /usr/local/lib/node_modules/npm/node_modules/node-gyp/node_modules/glob/package.json
173 verbose read json /usr/local/lib/node_modules/npm/node_modules/node-gyp/node_modules/graceful-fs/package.json
174 verbose read json /usr/local/lib/node_modules/npm/node_modules/node-gyp/node_modules/fstream/package.json
175 verbose read json /usr/local/lib/node_modules/npm/node_modules/node-gyp/node_modules/minimatch/package.json
176 verbose read json /usr/local/lib/node_modules/npm/node_modules/node-gyp/node_modules/mkdirp/package.json
177 verbose read json /usr/local/lib/node_modules/npm/node_modules/node-gyp/node_modules/nopt/package.json
178 verbose read json /usr/local/lib/node_modules/npm/node_modules/node-gyp/node_modules/npmlog/package.json
179 verbose read json /usr/local/lib/node_modules/npm/node_modules/node-gyp/node_modules/osenv/package.json
180 verbose read json /usr/local/lib/node_modules/npm/node_modules/node-gyp/node_modules/request/package.json
181 verbose read json /usr/local/lib/node_modules/npm/node_modules/node-gyp/node_modules/rimraf/package.json
182 verbose read json /usr/local/lib/node_modules/npm/node_modules/node-gyp/node_modules/semver/package.json
183 verbose read json /usr/local/lib/node_modules/npm/node_modules/node-gyp/node_modules/tar/package.json
184 verbose read json /usr/local/lib/node_modules/npm/node_modules/node-gyp/node_modules/which/package.json
185 verbose read json /usr/local/lib/node_modules/npm/node_modules/fstream-npm/node_modules/fstream-ignore/package.json
186 verbose read json /usr/local/lib/node_modules/npm/node_modules/npmlog/node_modules/ansi/package.json
187 verbose read json /usr/local/lib/node_modules/npm/node_modules/npm-registry-client/node_modules/request/package.json
188 verbose read json /usr/local/lib/node_modules/npm/node_modules/npm-registry-client/node_modules/graceful-fs/package.json
189 verbose read json /usr/local/lib/node_modules/npm/node_modules/npm-registry-client/node_modules/semver/package.json
190 verbose read json /usr/local/lib/node_modules/npm/node_modules/npm-registry-client/node_modules/slide/package.json
191 verbose read json /usr/local/lib/node_modules/npm/node_modules/npm-registry-client/node_modules/chownr/package.json
192 verbose read json /usr/local/lib/node_modules/npm/node_modules/npm-registry-client/node_modules/mkdirp/package.json
193 verbose read json /usr/local/lib/node_modules/npm/node_modules/npm-registry-client/node_modules/rimraf/package.json
194 verbose read json /usr/local/lib/node_modules/npm/node_modules/npm-registry-client/node_modules/retry/package.json
195 verbose read json /usr/local/lib/node_modules/npm/node_modules/npm-registry-client/node_modules/couch-login/package.json
196 verbose read json /usr/local/lib/node_modules/npm/node_modules/npm-registry-client/node_modules/npmlog/package.json
197 verbose read json /usr/local/lib/node_modules/npm/node_modules/read-package-json/node_modules/glob/package.json
198 verbose read json /usr/local/lib/node_modules/npm/node_modules/read-package-json/node_modules/lru-cache/package.json
199 verbose read json /usr/local/lib/node_modules/npm/node_modules/read-package-json/node_modules/semver/package.json
200 verbose read json /usr/local/lib/node_modules/npm/node_modules/read-package-json/node_modules/slide/package.json
201 verbose read json /usr/local/lib/node_modules/npm/node_modules/read-package-json/node_modules/npmlog/package.json
202 verbose read json /usr/local/lib/node_modules/npm/node_modules/read-package-json/node_modules/graceful-fs/package.json
203 verbose read json /usr/local/lib/node_modules/npm/node_modules/read-installed/node_modules/semver/package.json
204 verbose read json /usr/local/lib/node_modules/npm/node_modules/read-installed/node_modules/slide/package.json
205 verbose read json /usr/local/lib/node_modules/npm/node_modules/read-installed/node_modules/read-package-json/package.json
206 verbose read json /usr/local/lib/node_modules/npm/node_modules/read-installed/node_modules/graceful-fs/package.json
207 verbose read json /usr/local/lib/node_modules/npm/node_modules/read-installed/node_modules/npmlog/package.json
208 verbose read json /usr/local/lib/node_modules/npm/node_modules/glob/node_modules/minimatch/package.json
209 verbose read json /usr/local/lib/node_modules/npm/node_modules/glob/node_modules/graceful-fs/package.json
210 verbose read json /usr/local/lib/node_modules/npm/node_modules/glob/node_modules/inherits/package.json
211 verbose read json /usr/local/lib/node_modules/phantomjs/node_modules/unzip/node_modules/pullstream/package.json
212 verbose read json /usr/local/lib/node_modules/phantomjs/node_modules/unzip/node_modules/fstream/package.json
213 verbose read json /usr/local/lib/node_modules/phantomjs/node_modules/unzip/node_modules/binary/package.json
214 verbose read json /usr/local/lib/node_modules/npm/node_modules/couch-login/node_modules/request/package.json
215 verbose read json /usr/local/lib/node_modules/npm/node_modules/read/node_modules/mute-stream/package.json
216 verbose read json /usr/local/lib/node_modules/npm/node_modules/init-package-json/node_modules/promzard/package.json
217 verbose url raw yeoman
218 verbose url resolving [ 'https://registry.npmjs.org/', './yeoman' ]
219 verbose url resolved https://registry.npmjs.org/yeoman
220 info trying registry request attempt 1 at 13:01:04
221 verbose etag "EAF54JRM4KDBWI5HR2486H3MF"
222 http GET https://registry.npmjs.org/yeoman
223 verbose from cache /usr/local/lib/node_modules/handlebars/node_modules/optimist/node_modules/wordwrap/package.json
224 verbose from cache /usr/local/lib/node_modules/phantomjs/node_modules/rimraf/node_modules/graceful-fs/package.json
225 verbose from cache /usr/local/lib/node_modules/grunt/node_modules/glob-whatev/node_modules/minimatch/package.json
226 verbose from cache /usr/local/lib/node_modules/grunt/node_modules/connect/node_modules/qs/package.json
227 verbose from cache /usr/local/lib/node_modules/grunt/node_modules/connect/node_modules/formidable/package.json
228 verbose from cache /usr/local/lib/node_modules/grunt/node_modules/connect/node_modules/crc/package.json
229 verbose from cache /usr/local/lib/node_modules/grunt/node_modules/connect/node_modules/cookie/package.json
230 verbose from cache /usr/local/lib/node_modules/grunt/node_modules/connect/node_modules/bytes/package.json
231 verbose from cache /usr/local/lib/node_modules/grunt/node_modules/connect/node_modules/send/package.json
232 verbose from cache /usr/local/lib/node_modules/grunt/node_modules/connect/node_modules/fresh/package.json
233 verbose from cache /usr/local/lib/node_modules/grunt/node_modules/connect/node_modules/pause/package.json
234 verbose from cache /usr/local/lib/node_modules/grunt/node_modules/connect/node_modules/debug/package.json
235 verbose from cache /usr/local/lib/node_modules/grunt/node_modules/jshint/node_modules/cli/package.json
236 verbose from cache /usr/local/lib/node_modules/grunt/node_modules/jshint/node_modules/minimatch/package.json
237 verbose from cache /usr/local/lib/node_modules/grunt/node_modules/nodeunit/node_modules/tap/package.json
238 verbose from cache /usr/local/lib/node_modules/grunt/node_modules/nopt/node_modules/abbrev/package.json
239 verbose read json /usr/local/lib/node_modules/grunt/node_modules/prompt/node_modules/async/package.json
240 verbose read json /usr/local/lib/node_modules/grunt/node_modules/prompt/node_modules/colors/package.json
241 verbose from cache /usr/local/lib/node_modules/grunt/node_modules/prompt/node_modules/pkginfo/package.json
242 verbose from cache /usr/local/lib/node_modules/grunt/node_modules/prompt/node_modules/winston/package.json
243 verbose from cache /usr/local/lib/node_modules/grunt/node_modules/temporary/node_modules/package/package.json
244 verbose read json /usr/local/lib/node_modules/grunt/node_modules/glob-whatev/node_modules/minimatch/node_modules/lru-cache/package.json
245 verbose read json /usr/local/lib/node_modules/grunt/node_modules/glob-whatev/node_modules/minimatch/node_modules/sigmund/package.json
246 verbose read json /usr/local/lib/node_modules/grunt/node_modules/connect/node_modules/send/node_modules/mime/package.json
247 verbose read json /usr/local/lib/node_modules/grunt/node_modules/connect/node_modules/send/node_modules/range-parser/package.json
248 verbose read json /usr/local/lib/node_modules/grunt/node_modules/jshint/node_modules/cli/node_modules/glob/package.json
249 verbose read json /usr/local/lib/node_modules/grunt/node_modules/jshint/node_modules/minimatch/node_modules/lru-cache/package.json
250 verbose read json /usr/local/lib/node_modules/grunt/node_modules/nodeunit/node_modules/tap/node_modules/slide/package.json
251 verbose read json /usr/local/lib/node_modules/grunt/node_modules/nodeunit/node_modules/tap/node_modules/nopt/package.json
252 verbose read json /usr/local/lib/node_modules/grunt/node_modules/nodeunit/node_modules/tap/node_modules/buffer-equal/package.json
253 verbose read json /usr/local/lib/node_modules/grunt/node_modules/nodeunit/node_modules/tap/node_modules/runforcover/package.json
254 verbose read json /usr/local/lib/node_modules/grunt/node_modules/nodeunit/node_modules/tap/node_modules/difflet/package.json
255 verbose read json /usr/local/lib/node_modules/grunt/node_modules/nodeunit/node_modules/tap/node_modules/inherits/package.json
256 verbose read json /usr/local/lib/node_modules/grunt/node_modules/nodeunit/node_modules/tap/node_modules/.bin/package.json
257 verbose read json /usr/local/lib/node_modules/grunt/node_modules/nodeunit/node_modules/tap/node_modules/mkdirp/package.json
258 verbose read json /usr/local/lib/node_modules/grunt/node_modules/nodeunit/node_modules/tap/node_modules/yamlish/package.json
259 verbose read json /usr/local/lib/node_modules/grunt/node_modules/nodeunit/node_modules/tap/node_modules/deep-equal/package.json
260 verbose read json /usr/local/lib/node_modules/grunt/node_modules/prompt/node_modules/winston/node_modules/eyes/package.json
261 verbose read json /usr/local/lib/node_modules/grunt/node_modules/prompt/node_modules/winston/node_modules/loggly/package.json
262 verbose read json /usr/local/lib/node_modules/grunt/node_modules/prompt/node_modules/winston/node_modules/stack-trace/package.json
263 verbose from cache /usr/local/lib/node_modules/grunt/node_modules/gzip-js/node_modules/crc32/package.json
264 verbose from cache /usr/local/lib/node_modules/grunt/node_modules/gzip-js/node_modules/deflate-js/package.json
265 verbose from cache /usr/local/lib/node_modules/npm/node_modules/fstream-npm/node_modules/fstream-ignore/package.json
266 verbose read json /usr/local/lib/node_modules/npm/node_modules/fstream-npm/node_modules/inherits/package.json
267 verbose from cache /usr/local/lib/node_modules/phantomjs/node_modules/unzip/node_modules/fstream/package.json
268 verbose from cache /usr/local/lib/node_modules/phantomjs/node_modules/unzip/node_modules/pullstream/package.json
269 verbose from cache /usr/local/lib/node_modules/phantomjs/node_modules/unzip/node_modules/binary/package.json
270 verbose read json /usr/local/lib/node_modules/npm/node_modules/fstream-npm/node_modules/fstream-ignore/node_modules/minimatch/package.json
271 verbose read json /usr/local/lib/node_modules/npm/node_modules/fstream-npm/node_modules/fstream-ignore/node_modules/fstream/package.json
272 verbose read json /usr/local/lib/node_modules/npm/node_modules/fstream-npm/node_modules/fstream-ignore/node_modules/inherits/package.json
273 verbose read json /usr/local/lib/node_modules/phantomjs/node_modules/unzip/node_modules/pullstream/node_modules/over/package.json
274 verbose read json /usr/local/lib/node_modules/phantomjs/node_modules/unzip/node_modules/pullstream/node_modules/stream-buffers/package.json
275 verbose from cache /usr/local/lib/node_modules/npm/node_modules/read/node_modules/mute-stream/package.json
276 verbose from cache /usr/local/lib/node_modules/npm/node_modules/init-package-json/node_modules/promzard/package.json
277 verbose read json /usr/local/lib/node_modules/npm/node_modules/init-package-json/node_modules/read/package.json
278 verbose read json /usr/local/lib/node_modules/npm/node_modules/init-package-json/node_modules/read-package-json/package.json
279 verbose read json /usr/local/lib/node_modules/npm/node_modules/init-package-json/node_modules/semver/package.json
280 verbose read json /usr/local/lib/node_modules/phantomjs/node_modules/unzip/node_modules/fstream/node_modules/inherits/package.json
281 verbose read json /usr/local/lib/node_modules/phantomjs/node_modules/unzip/node_modules/fstream/node_modules/mkdirp/package.json
282 verbose read json /usr/local/lib/node_modules/phantomjs/node_modules/unzip/node_modules/fstream/node_modules/graceful-fs/package.json
283 verbose read json /usr/local/lib/node_modules/phantomjs/node_modules/unzip/node_modules/binary/node_modules/buffers/package.json
284 verbose read json /usr/local/lib/node_modules/phantomjs/node_modules/unzip/node_modules/binary/node_modules/chainsaw/package.json
285 verbose read json /usr/local/lib/node_modules/npm/node_modules/init-package-json/node_modules/promzard/node_modules/read/package.json
286 verbose from cache /usr/local/lib/node_modules/grunt/node_modules/glob-whatev/node_modules/minimatch/node_modules/lru-cache/package.json
287 verbose from cache /usr/local/lib/node_modules/grunt/node_modules/glob-whatev/node_modules/minimatch/node_modules/sigmund/package.json
288 verbose read json /usr/local/lib/node_modules/grunt/node_modules/connect/node_modules/send/node_modules/debug/package.json
289 verbose from cache /usr/local/lib/node_modules/grunt/node_modules/connect/node_modules/send/node_modules/mime/package.json
290 verbose read json /usr/local/lib/node_modules/grunt/node_modules/connect/node_modules/send/node_modules/fresh/package.json
291 verbose from cache /usr/local/lib/node_modules/grunt/node_modules/connect/node_modules/send/node_modules/range-parser/package.json
292 verbose from cache /usr/local/lib/node_modules/grunt/node_modules/jshint/node_modules/cli/node_modules/glob/package.json
293 verbose from cache /usr/local/lib/node_modules/grunt/node_modules/jshint/node_modules/minimatch/node_modules/lru-cache/package.json
294 verbose from cache /usr/local/lib/node_modules/grunt/node_modules/nodeunit/node_modules/tap/node_modules/inherits/package.json
295 verbose from cache /usr/local/lib/node_modules/grunt/node_modules/nodeunit/node_modules/tap/node_modules/yamlish/package.json
296 verbose from cache /usr/local/lib/node_modules/grunt/node_modules/nodeunit/node_modules/tap/node_modules/slide/package.json
297 verbose from cache /usr/local/lib/node_modules/grunt/node_modules/nodeunit/node_modules/tap/node_modules/runforcover/package.json
298 verbose from cache /usr/local/lib/node_modules/grunt/node_modules/nodeunit/node_modules/tap/node_modules/nopt/package.json
299 verbose from cache /usr/local/lib/node_modules/grunt/node_modules/nodeunit/node_modules/tap/node_modules/mkdirp/package.json
300 verbose from cache /usr/local/lib/node_modules/grunt/node_modules/nodeunit/node_modules/tap/node_modules/difflet/package.json
301 verbose from cache /usr/local/lib/node_modules/grunt/node_modules/nodeunit/node_modules/tap/node_modules/deep-equal/package.json
302 verbose from cache /usr/local/lib/node_modules/grunt/node_modules/nodeunit/node_modules/tap/node_modules/buffer-equal/package.json
303 verbose read json /usr/local/lib/node_modules/grunt/node_modules/jshint/node_modules/cli/node_modules/glob/node_modules/minimatch/package.json
304 verbose read json /usr/local/lib/node_modules/grunt/node_modules/jshint/node_modules/cli/node_modules/glob/node_modules/inherits/package.json
305 verbose read json /usr/local/lib/node_modules/grunt/node_modules/jshint/node_modules/cli/node_modules/glob/node_modules/graceful-fs/package.json
306 verbose read json /usr/local/lib/node_modules/grunt/node_modules/nodeunit/node_modules/tap/node_modules/runforcover/node_modules/bunker/package.json
307 verbose read json /usr/local/lib/node_modules/grunt/node_modules/nodeunit/node_modules/tap/node_modules/nopt/node_modules/abbrev/package.json
308 verbose read json /usr/local/lib/node_modules/grunt/node_modules/nodeunit/node_modules/tap/node_modules/difflet/node_modules/charm/package.json
309 verbose read json /usr/local/lib/node_modules/grunt/node_modules/nodeunit/node_modules/tap/node_modules/difflet/node_modules/traverse/package.json
310 verbose read json /usr/local/lib/node_modules/grunt/node_modules/prompt/node_modules/winston/node_modules/async/package.json
311 verbose read json /usr/local/lib/node_modules/grunt/node_modules/prompt/node_modules/winston/node_modules/colors/package.json
312 verbose from cache /usr/local/lib/node_modules/grunt/node_modules/prompt/node_modules/winston/node_modules/eyes/package.json
313 verbose from cache /usr/local/lib/node_modules/grunt/node_modules/prompt/node_modules/winston/node_modules/loggly/package.json
314 verbose read json /usr/local/lib/node_modules/grunt/node_modules/prompt/node_modules/winston/node_modules/pkginfo/package.json
315 verbose from cache /usr/local/lib/node_modules/grunt/node_modules/prompt/node_modules/winston/node_modules/stack-trace/package.json
316 verbose from cache /usr/local/lib/node_modules/phantomjs/node_modules/unzip/node_modules/pullstream/node_modules/over/package.json
317 verbose from cache /usr/local/lib/node_modules/phantomjs/node_modules/unzip/node_modules/pullstream/node_modules/stream-buffers/package.json
318 verbose read json /usr/local/lib/node_modules/phantomjs/node_modules/unzip/node_modules/fstream/node_modules/rimraf/package.json
319 verbose from cache /usr/local/lib/node_modules/phantomjs/node_modules/unzip/node_modules/fstream/node_modules/mkdirp/package.json
320 verbose from cache /usr/local/lib/node_modules/phantomjs/node_modules/unzip/node_modules/fstream/node_modules/graceful-fs/package.json
321 verbose from cache /usr/local/lib/node_modules/phantomjs/node_modules/unzip/node_modules/fstream/node_modules/inherits/package.json
322 verbose read json /usr/local/lib/node_modules/grunt/node_modules/prompt/node_modules/winston/node_modules/loggly/node_modules/timespan/package.json
323 verbose read json /usr/local/lib/node_modules/grunt/node_modules/prompt/node_modules/winston/node_modules/loggly/node_modules/request/package.json
324 verbose from cache /usr/local/lib/node_modules/phantomjs/node_modules/unzip/node_modules/binary/node_modules/chainsaw/package.json
325 verbose from cache /usr/local/lib/node_modules/phantomjs/node_modules/unzip/node_modules/binary/node_modules/buffers/package.json
326 verbose read json /usr/local/lib/node_modules/phantomjs/node_modules/unzip/node_modules/binary/node_modules/chainsaw/node_modules/traverse/package.json
327 verbose from cache /usr/local/lib/node_modules/grunt/node_modules/jshint/node_modules/cli/node_modules/glob/node_modules/minimatch/package.json
328 verbose from cache /usr/local/lib/node_modules/grunt/node_modules/jshint/node_modules/cli/node_modules/glob/node_modules/graceful-fs/package.json
329 verbose from cache /usr/local/lib/node_modules/grunt/node_modules/jshint/node_modules/cli/node_modules/glob/node_modules/inherits/package.json
330 verbose from cache /usr/local/lib/node_modules/grunt/node_modules/nodeunit/node_modules/tap/node_modules/runforcover/node_modules/bunker/package.json
331 verbose from cache /usr/local/lib/node_modules/grunt/node_modules/nodeunit/node_modules/tap/node_modules/nopt/node_modules/abbrev/package.json
332 verbose from cache /usr/local/lib/node_modules/grunt/node_modules/nodeunit/node_modules/tap/node_modules/difflet/node_modules/traverse/package.json
333 verbose from cache /usr/local/lib/node_modules/grunt/node_modules/nodeunit/node_modules/tap/node_modules/difflet/node_modules/charm/package.json
334 verbose read json /usr/local/lib/node_modules/grunt/node_modules/nodeunit/node_modules/tap/node_modules/difflet/node_modules/deep-equal/package.json
335 verbose read json /usr/local/lib/node_modules/grunt/node_modules/nodeunit/node_modules/tap/node_modules/runforcover/node_modules/bunker/node_modules/burrito/package.json
336 verbose from cache /usr/local/lib/node_modules/grunt/node_modules/prompt/node_modules/winston/node_modules/loggly/node_modules/request/package.json
337 verbose from cache /usr/local/lib/node_modules/grunt/node_modules/prompt/node_modules/winston/node_modules/loggly/node_modules/timespan/package.json
338 verbose read json /usr/local/lib/node_modules/grunt/node_modules/jshint/node_modules/cli/node_modules/glob/node_modules/minimatch/node_modules/lru-cache/package.json
339 verbose read json /usr/local/lib/node_modules/grunt/node_modules/jshint/node_modules/cli/node_modules/glob/node_modules/minimatch/node_modules/sigmund/package.json
340 verbose from cache /usr/local/lib/node_modules/phantomjs/node_modules/unzip/node_modules/binary/node_modules/chainsaw/node_modules/traverse/package.json
341 verbose from cache /usr/local/lib/node_modules/grunt/node_modules/nodeunit/node_modules/tap/node_modules/runforcover/node_modules/bunker/node_modules/burrito/package.json
342 verbose read json /usr/local/lib/node_modules/grunt/node_modules/nodeunit/node_modules/tap/node_modules/runforcover/node_modules/bunker/node_modules/burrito/node_modules/uglify-js/package.json
343 verbose read json /usr/local/lib/node_modules/grunt/node_modules/nodeunit/node_modules/tap/node_modules/runforcover/node_modules/bunker/node_modules/burrito/node_modules/traverse/package.json
344 verbose read json /usr/local/lib/node_modules/grunt/node_modules/nodeunit/node_modules/tap/node_modules/runforcover/node_modules/bunker/node_modules/burrito/node_modules/.bin/package.json
345 verbose from cache /usr/local/lib/node_modules/grunt/node_modules/jshint/node_modules/cli/node_modules/glob/node_modules/minimatch/node_modules/lru-cache/package.json
346 verbose from cache /usr/local/lib/node_modules/grunt/node_modules/jshint/node_modules/cli/node_modules/glob/node_modules/minimatch/node_modules/sigmund/package.json
347 verbose from cache /usr/local/lib/node_modules/grunt/node_modules/nodeunit/node_modules/tap/node_modules/runforcover/node_modules/bunker/node_modules/burrito/node_modules/traverse/package.json
348 verbose from cache /usr/local/lib/node_modules/grunt/node_modules/nodeunit/node_modules/tap/node_modules/runforcover/node_modules/bunker/node_modules/burrito/node_modules/uglify-js/package.json
349 http 304 https://registry.npmjs.org/yeoman
350 silly registry.get cb [ 304,
350 silly registry.get   { server: 'CouchDB/1.2.0 (Erlang OTP/R15B)',
350 silly registry.get     etag: '"EAF54JRM4KDBWI5HR2486H3MF"',
350 silly registry.get     date: 'Sat, 10 Nov 2012 12:00:47 GMT',
350 silly registry.get     'content-length': '0' } ]
351 verbose etag yeoman from cache
352 verbose read json /usr/local/lib/node_modules/npm/node_modules/npmconf/node_modules/config-chain/package.json
353 verbose from cache /usr/local/lib/node_modules/npm/node_modules/npmconf/node_modules/config-chain/package.json
354 verbose read json /usr/local/lib/node_modules/npm/node_modules/npmconf/node_modules/inherits/package.json
355 verbose read json /usr/local/lib/node_modules/npm/node_modules/npmconf/node_modules/once/package.json
356 verbose read json /usr/local/lib/node_modules/npm/node_modules/npmconf/node_modules/mkdirp/package.json
357 verbose read json /usr/local/lib/node_modules/npm/node_modules/npmconf/node_modules/osenv/package.json
358 verbose read json /usr/local/lib/node_modules/npm/node_modules/npmconf/node_modules/nopt/package.json
359 verbose read json /usr/local/lib/node_modules/npm/node_modules/npmconf/node_modules/config-chain/node_modules/proto-list/package.json
360 verbose from cache /usr/local/lib/node_modules/npm/node_modules/npmconf/node_modules/config-chain/node_modules/proto-list/package.json
361 verbose read json /usr/local/lib/node_modules/npm/node_modules/npmconf/node_modules/config-chain/node_modules/ini/package.json
362 silly addNameRange number 2 { name: 'yeoman', range: '', hasData: true }
363 silly addNameRange versions [ 'yeoman',
363 silly addNameRange   [ '0.0.1',
363 silly addNameRange     '0.7.0',
363 silly addNameRange     '0.7.1',
363 silly addNameRange     '0.7.2',
363 silly addNameRange     '0.7.3',
363 silly addNameRange     '0.9.0',
363 silly addNameRange     '0.9.1',
363 silly addNameRange     '0.9.2',
363 silly addNameRange     '0.9.3',
363 silly addNameRange     '0.9.4',
363 silly addNameRange     '0.9.5' ] ]
364 verbose addNamed [ 'yeoman', '0.9.5' ]
365 verbose addNamed [ '0.9.5', '0.9.5' ]
366 silly lockFile b354432d-yeoman-0-9-5 yeoman@0.9.5
367 verbose lock yeoman@0.9.5 /home/marcel/.npm/b354432d-yeoman-0-9-5.lock
368 verbose read json /home/marcel/.npm/yeoman/0.9.5/package/package.json
369 silly lockFile b354432d-yeoman-0-9-5 yeoman@0.9.5
370 silly lockFile fd94f358-yeoman yeoman@*
371 info outdated updating [ [ '/usr/local/lib', 'yeoman', '0.9.4', '0.9.5' ] ]
372 verbose install where,what [ '/usr/local/lib', [ 'yeoman@0.9.5' ] ]
373 verbose read json /usr/local/lib/package.json
374 verbose read json /usr/local/lib/package.json
375 verbose cache add [ 'yeoman@0.9.5', null ]
376 silly cache add name=undefined spec="yeoman@0.9.5" args=["yeoman@0.9.5",null]
377 verbose parsed url { pathname: 'yeoman@0.9.5',
377 verbose parsed url   path: 'yeoman@0.9.5',
377 verbose parsed url   href: 'yeoman@0.9.5' }
378 silly cache add name="yeoman" spec="0.9.5" args=["yeoman","0.9.5"]
379 verbose parsed url { pathname: '0.9.5', path: '0.9.5', href: '0.9.5' }
380 verbose addNamed [ 'yeoman', '0.9.5' ]
381 verbose addNamed [ '0.9.5', '0.9.5' ]
382 silly lockFile b354432d-yeoman-0-9-5 yeoman@0.9.5
383 verbose lock yeoman@0.9.5 /home/marcel/.npm/b354432d-yeoman-0-9-5.lock
384 verbose url raw yeoman/0.9.5
385 verbose url resolving [ 'https://registry.npmjs.org/', './yeoman/0.9.5' ]
386 verbose url resolved https://registry.npmjs.org/yeoman/0.9.5
387 info trying registry request attempt 1 at 13:01:05
388 verbose etag "EAF54JRM4KDBWI5HR2486H3MF"
389 http GET https://registry.npmjs.org/yeoman/0.9.5
390 http 304 https://registry.npmjs.org/yeoman/0.9.5
391 silly registry.get cb [ 304,
391 silly registry.get   { server: 'CouchDB/1.2.0 (Erlang OTP/R15B)',
391 silly registry.get     etag: '"EAF54JRM4KDBWI5HR2486H3MF"',
391 silly registry.get     date: 'Sat, 10 Nov 2012 12:00:48 GMT',
391 silly registry.get     'content-length': '0' } ]
392 verbose etag yeoman/0.9.5 from cache
393 verbose from cache /home/marcel/.npm/yeoman/0.9.5/package/package.json
394 silly lockFile b354432d-yeoman-0-9-5 yeoman@0.9.5
395 silly resolved [ { name: 'yeoman',
395 silly resolved     version: '0.9.5',
395 silly resolved     description: 'The Yeoman CLI presents a command line interface for creating, building, maintaining, and shipping a project.',
395 silly resolved     keywords:
395 silly resolved      [ 'front-end',
395 silly resolved        'development',
395 silly resolved        'dev',
395 silly resolved        'build',
395 silly resolved        'web',
395 silly resolved        'tool',
395 silly resolved        'cli',
395 silly resolved        'scaffold',
395 silly resolved        'stack' ],
395 silly resolved     homepage: 'http://yeoman.io',
395 silly resolved     bugs: 'https://github.com/yeoman/yeoman/issues',
395 silly resolved     author: { name: 'Chrome Developer Relations' },
395 silly resolved     main: './yeoman',
395 silly resolved     bin:
395 silly resolved      { yeoman: './bin/yeoman',
395 silly resolved        _yeomaninsight: './bin/yeomaninsight.py' },
395 silly resolved     directories: { man: './man' },
395 silly resolved     repository: { type: 'git', url: 'git://github.com/yeoman/yeoman.git' },
395 silly resolved     scripts:
395 silly resolved      { test: 'node node_modules/mocha/bin/mocha test/test-*.js',
395 silly resolved        manpages: './scripts/docs-build' },
395 silly resolved     dependencies:
395 silly resolved      { grunt: 'http://github.com/cowboy/grunt/archive/0ba6d4b529.tar.gz',
395 silly resolved        'yeoman-generators': 'http://github.com/yeoman/generators/archive/0.9.5.tar.gz',
395 silly resolved        bower: '~0.3.0',
395 silly resolved        open: '0.0.2',
395 silly resolved        rimraf: '~2.0.1',
395 silly resolved        mkdirp: '~0.3.1',
395 silly resolved        requirejs: '~2.0.2',
395 silly resolved        'clean-css': '~0.3.2',
395 silly resolved        connect: '~2.2.1',
395 silly resolved        request: '~2.9.200',
395 silly resolved        'html-minifier': '~0.4.5',
395 silly resolved        which: '~1.0.5',
395 silly resolved        cheerio: '~0.9.2',
395 silly resolved        fstream: '~0.1.18',
395 silly resolved        'fstream-ignore': '0.0.5',
395 silly resolved        tar: '~0.1.13',
395 silly resolved        'coffee-script': '~1.3.3',
395 silly resolved        'grunt-jasmine-task': '~0.2.2',
395 silly resolved        'faye-websocket': '~0.4.2',
395 silly resolved        shelljs: '~0.0.6',
395 silly resolved        prompt: '~0.1.12',
395 silly resolved        colors: '~0.6.0',
395 silly resolved        'grunt-mocha': '~0.1.3',
395 silly resolved        'es6-collections': '>=0.2.0',
395 silly resolved        'grunt-contrib-coffee': '~0.3.1' },
395 silly resolved     devDependencies: { mocha: '~1.4.0', ronn: '~0.3.8' },
395 silly resolved     engines: { node: '>=0.8.0' },
395 silly resolved     man:
395 silly resolved      [ '/home/marcel/.npm/yeoman/0.9.5/package/man/bower.1',
395 silly resolved        '/home/marcel/.npm/yeoman/0.9.5/package/man/build.1',
395 silly resolved        '/home/marcel/.npm/yeoman/0.9.5/package/man/faq.1',
395 silly resolved        '/home/marcel/.npm/yeoman/0.9.5/package/man/folders.1',
395 silly resolved        '/home/marcel/.npm/yeoman/0.9.5/package/man/gruntfile.1',
395 silly resolved        '/home/marcel/.npm/yeoman/0.9.5/package/man/init.1',
395 silly resolved        '/home/marcel/.npm/yeoman/0.9.5/package/man/insight.1',
395 silly resolved        '/home/marcel/.npm/yeoman/0.9.5/package/man/serve.1',
395 silly resolved        '/home/marcel/.npm/yeoman/0.9.5/package/man/server.1',
395 silly resolved        '/home/marcel/.npm/yeoman/0.9.5/package/man/test.1',
395 silly resolved        '/home/marcel/.npm/yeoman/0.9.5/package/man/yeoman.1' ],
395 silly resolved     readme: '# Yeoman CLI\n\nThe Yeoman CLI presents a command-line interface for creating, building, maintaining, and shipping a project.\n\nFor more information, see the project [readme](https://github.com/yeoman/yeoman#welcome-friend).\n',
395 silly resolved     _id: 'yeoman@0.9.5',
395 silly resolved     _from: 'yeoman@0.9.5' } ]
396 info install yeoman@0.9.5 into /usr/local/lib
397 info installOne yeoman@0.9.5
398 verbose from cache /home/marcel/.npm/yeoman/0.9.5/package/package.json
399 info /usr/local/lib/node_modules/yeoman unbuild
400 verbose from cache /usr/local/lib/node_modules/yeoman/package.json
401 info preuninstall yeoman@0.9.4
402 info uninstall yeoman@0.9.4
403 verbose true,/usr/local/lib/node_modules,/usr/local/lib/node_modules unbuild yeoman@0.9.4
404 verbose /usr/local/bin,[object Object] binRoot
405 info /usr/local/lib/node_modules/yeoman unbuild
406 verbose read json /usr/local/lib/node_modules/yeoman/package.json
407 info preuninstall yeoman@0.9.4
408 info uninstall yeoman@0.9.4
409 verbose true,/usr/local/lib/node_modules,/usr/local/lib/node_modules unbuild yeoman@0.9.4
410 verbose /usr/local/bin,[object Object] binRoot
411 error error rolling back Error: EACCES, unlink '/usr/local/bin/yeoman'
411 error error rolling back  yeoman@0.9.5 { [Error: EACCES, unlink '/usr/local/bin/yeoman'] errno: 3, code: 'EACCES', path: '/usr/local/bin/yeoman' }
412 error Error: EACCES, unlink '/usr/local/bin/yeoman'
412 error  { [Error: EACCES, unlink '/usr/local/bin/yeoman'] errno: 3, code: 'EACCES', path: '/usr/local/bin/yeoman' }
413 error Please try running this command again as root/Administrator.
414 error System Linux 3.2.0-32-generic-pae
415 error command "/usr/local/bin/node" "/usr/local/bin/npm" "update" "-g" "yeoman"
416 error cwd /home/marcel/Github/ITRACT_WEB
417 error node -v v0.8.11
418 error npm -v 1.1.62
419 error path /usr/local/bin/yeoman
420 error code EACCES
421 error errno 3
422 error stack Error: EACCES, unlink '/usr/local/bin/yeoman'
423 verbose exit [ 3, true ]
